BEGIN (implicit)
PRAGMA main.table_info("corpus")
[raw sql] ()
COMMIT
BEGIN (implicit)
SELECT corpus.id AS corpus_id, corpus.show_word AS corpus_show_word, corpus.true_word AS corpus_true_word, corpus.ime_type AS corpus_ime_type, corpus.pinyin AS corpus_pinyin 
FROM corpus 
WHERE corpus.ime_type = ?
[generated in 0.00077s] ('pinyin',)
BEGIN (implicit)
PRAGMA main.table_info("corpus")
[raw sql] ()
COMMIT
BEGIN (implicit)
SELECT corpus.id AS corpus_id, corpus.show_word AS corpus_show_word, corpus.true_word AS corpus_true_word, corpus.ime_type AS corpus_ime_type, corpus.pinyin AS corpus_pinyin 
FROM corpus 
WHERE corpus.ime_type = ?
[generated in 0.00083s] ('pinyin',)
BEGIN (implicit)
PRAGMA main.table_info("corpus")
[raw sql] ()
COMMIT
BEGIN (implicit)
SELECT corpus.id AS corpus_id, corpus.show_word AS corpus_show_word, corpus.true_word AS corpus_true_word, corpus.ime_type AS corpus_ime_type, corpus.pinyin AS corpus_pinyin 
FROM corpus 
WHERE corpus.ime_type = ?
[generated in 0.00044s] ('pinyin',)
